# JRE version: OpenJDK Runtime Environment (8.0_202-b03) (build 1.8.0_202-release-1483-b03)
# Java VM: OpenJDK 64-Bit Server VM (25.202-b03 mixed mode windows-amd64 compressed oops)
Heap:
 PSYoungGen      total 258560K, used 70239K [0x00000000eab00000, 0x0000000100000000, 0x0000000100000000)
  eden space 173568K, 36% used [0x00000000eab00000,0x00000000ee8e3fa8,0x00000000f5480000)
  from space 84992K, 8% used [0x00000000fa380000,0x00000000faa34010,0x00000000ff680000)
  to   space 80896K, 0% used [0x00000000f5480000,0x00000000f5480000,0x00000000fa380000)
 ParOldGen       total 580096K, used 500531K [0x00000000c0000000, 0x00000000e3680000, 0x00000000eab00000)
  object space 580096K, 86% used [0x00000000c0000000,0x00000000de8cccd0,0x00000000e3680000)
 Metaspace       used 147993K, capacity 157368K, committed 159576K, reserved 1187840K
  class space    used 18526K, capacity 20105K, committed 20608K, reserved 1048576K
GC Heap History (10 events):
Event: 5775.733 GC heap before
{Heap before GC invocations=182 (full 10):
 PSYoungGen      total 274944K, used 210752K [0x00000000eab00000, 0x00000000ffc80000, 0x0000000100000000)
  eden space 209920K, 100% used [0x00000000eab00000,0x00000000f7800000,0x00000000f7800000)
  from space 65024K, 1% used [0x00000000f7800000,0x00000000f78d0000,0x00000000fb780000)
  to   space 62464K, 0% used [0x00000000fbf80000,0x00000000fbf80000,0x00000000ffc80000)
 ParOldGen       total 580096K, used 403099K [0x00000000c0000000, 0x00000000e3680000, 0x00000000eab00000)
  object space 580096K, 69% used [0x00000000c0000000,0x00000000d89a6df0,0x00000000e3680000)
 Metaspace       used 147846K, capacity 157156K, committed 159576K, reserved 1187840K
  class space    used 18525K, capacity 20105K, committed 20608K, reserved 1048576K
Event: 5775.772 GC heap after
Heap after GC invocations=182 (full 10):
 PSYoungGen      total 247808K, used 62433K [0x00000000eab00000, 0x0000000100000000, 0x0000000100000000)
  eden space 185344K, 0% used [0x00000000eab00000,0x00000000eab00000,0x00000000f6000000)
  from space 62464K, 99% used [0x00000000fbf80000,0x00000000ffc78770,0x00000000ffc80000)
  to   space 81920K, 0% used [0x00000000f6000000,0x00000000f6000000,0x00000000fb000000)
 ParOldGen       total 580096K, used 421025K [0x00000000c0000000, 0x00000000e3680000, 0x00000000eab00000)
  object space 580096K, 72% used [0x00000000c0000000,0x00000000d9b28400,0x00000000e3680000)
 Metaspace       used 147846K, capacity 157156K, committed 159576K, reserved 1187840K
  class space    used 18525K, capacity 20105K, committed 20608K, reserved 1048576K
}
Event: 5776.290 GC heap before
{Heap before GC invocations=183 (full 10):
 PSYoungGen      total 247808K, used 247777K [0x00000000eab00000, 0x0000000100000000, 0x0000000100000000)
  eden space 185344K, 100% used [0x00000000eab00000,0x00000000f6000000,0x00000000f6000000)
  from space 62464K, 99% used [0x00000000fbf80000,0x00000000ffc78770,0x00000000ffc80000)
  to   space 81920K, 0% used [0x00000000f6000000,0x00000000f6000000,0x00000000fb000000)
 ParOldGen       total 580096K, used 421025K [0x00000000c0000000, 0x00000000e3680000, 0x00000000eab00000)
  object space 580096K, 72% used [0x00000000c0000000,0x00000000d9b28400,0x00000000e3680000)
 Metaspace       used 147851K, capacity 157156K, committed 159576K, reserved 1187840K
  class space    used 18525K, capacity 20105K, committed 20608K, reserved 1048576K
Event: 5776.352 GC heap after
Heap after GC invocations=183 (full 10):
 PSYoungGen      total 247296K, used 61652K [0x00000000eab00000, 0x0000000100000000, 0x0000000100000000)
  eden space 185344K, 0% used [0x00000000eab00000,0x00000000eab00000,0x00000000f6000000)
  from space 61952K, 99% used [0x00000000f6000000,0x00000000f9c351d8,0x00000000f9c80000)
  to   space 91136K, 0% used [0x00000000fa700000,0x00000000fa700000,0x0000000100000000)
 ParOldGen       total 580096K, used 470498K [0x00000000c0000000, 0x00000000e3680000, 0x00000000eab00000)
  object space 580096K, 81% used [0x00000000c0000000,0x00000000dcb78b60,0x00000000e3680000)
 Metaspace       used 147851K, capacity 157156K, committed 159576K, reserved 1187840K
  class space    used 18525K, capacity 20105K, committed 20608K, reserved 1048576K
}
Event: 5776.953 GC heap before
{Heap before GC invocations=184 (full 10):
 PSYoungGen      total 247296K, used 246996K [0x00000000eab00000, 0x0000000100000000, 0x0000000100000000)
  eden space 185344K, 100% used [0x00000000eab00000,0x00000000f6000000,0x00000000f6000000)
  from space 61952K, 99% used [0x00000000f6000000,0x00000000f9c351d8,0x00000000f9c80000)
  to   space 91136K, 0% used [0x00000000fa700000,0x00000000fa700000,0x0000000100000000)
 ParOldGen       total 580096K, used 470498K [0x00000000c0000000, 0x00000000e3680000, 0x00000000eab00000)
  object space 580096K, 81% used [0x00000000c0000000,0x00000000dcb78b60,0x00000000e3680000)
 Metaspace       used 147860K, capacity 157220K, committed 159576K, reserved 1187840K
  class space    used 18525K, capacity 20105K, committed 20608K, reserved 1048576K
Event: 5776.974 GC heap after
Heap after GC invocations=184 (full 10):
 PSYoungGen      total 260608K, used 1515K [0x00000000eab00000, 0x0000000100000000, 0x0000000100000000)
  eden space 169472K, 0% used [0x00000000eab00000,0x00000000eab00000,0x00000000f5080000)
  from space 91136K, 1% used [0x00000000fa700000,0x00000000fa87afc0,0x0000000100000000)
  to   space 88576K, 0% used [0x00000000f5080000,0x00000000f5080000,0x00000000fa700000)
 ParOldGen       total 580096K, used 498316K [0x00000000c0000000, 0x00000000e3680000, 0x00000000eab00000)
  object space 580096K, 85% used [0x00000000c0000000,0x00000000de6a3090,0x00000000e3680000)
 Metaspace       used 147860K, capacity 157220K, committed 159576K, reserved 1187840K
  class space    used 18525K, capacity 20105K, committed 20608K, reserved 1048576K
}
Event: 5817.240 GC heap before
{Heap before GC invocations=185 (full 10):
 PSYoungGen      total 260608K, used 170987K [0x00000000eab00000, 0x0000000100000000, 0x0000000100000000)
  eden space 169472K, 100% used [0x00000000eab00000,0x00000000f5080000,0x00000000f5080000)
  from space 91136K, 1% used [0x00000000fa700000,0x00000000fa87afc0,0x0000000100000000)
  to   space 88576K, 0% used [0x00000000f5080000,0x00000000f5080000,0x00000000fa700000)
 ParOldGen       total 580096K, used 498316K [0x00000000c0000000, 0x00000000e3680000, 0x00000000eab00000)
  object space 580096K, 85% used [0x00000000c0000000,0x00000000de6a3090,0x00000000e3680000)
 Metaspace       used 147894K, capacity 157284K, committed 159576K, reserved 1187840K
  class space    used 18525K, capacity 20105K, committed 20608K, reserved 1048576K
Event: 5817.250 GC heap after
Heap after GC invocations=185 (full 10):
 PSYoungGen      total 176640K, used 6826K [0x00000000eab00000, 0x00000000ff680000, 0x0000000100000000)
  eden space 169472K, 0% used [0x00000000eab00000,0x00000000eab00000,0x00000000f5080000)
  from space 7168K, 95% used [0x00000000f5080000,0x00000000f572abe0,0x00000000f5780000)
  to   space 84992K, 0% used [0x00000000fa380000,0x00000000fa380000,0x00000000ff680000)
 ParOldGen       total 580096K, used 499500K [0x00000000c0000000, 0x00000000e3680000, 0x00000000eab00000)
  object space 580096K, 86% used [0x00000000c0000000,0x00000000de7cb0b0,0x00000000e3680000)
 Metaspace       used 147894K, capacity 157284K, committed 159576K, reserved 1187840K
  class space    used 18525K, capacity 20105K, committed 20608K, reserved 1048576K
}
Event: 6001.762 GC heap before
{Heap before GC invocations=186 (full 10):
 PSYoungGen      total 176640K, used 176298K [0x00000000eab00000, 0x00000000ff680000, 0x0000000100000000)
  eden space 169472K, 100% used [0x00000000eab00000,0x00000000f5080000,0x00000000f5080000)
  from space 7168K, 95% used [0x00000000f5080000,0x00000000f572abe0,0x00000000f5780000)
  to   space 84992K, 0% used [0x00000000fa380000,0x00000000fa380000,0x00000000ff680000)
 ParOldGen       total 580096K, used 499500K [0x00000000c0000000, 0x00000000e3680000, 0x00000000eab00000)
  object space 580096K, 86% used [0x00000000c0000000,0x00000000de7cb0b0,0x00000000e3680000)
 Metaspace       used 147989K, capacity 157368K, committed 159576K, reserved 1187840K
  class space    used 18526K, capacity 20105K, committed 20608K, reserved 1048576K
Event: 6001.772 GC heap after
Heap after GC invocations=186 (full 10):
 PSYoungGen      total 258560K, used 6864K [0x00000000eab00000, 0x0000000100000000, 0x0000000100000000)
  eden space 173568K, 0% used [0x00000000eab00000,0x00000000eab00000,0x00000000f5480000)
  from space 84992K, 8% used [0x00000000fa380000,0x00000000faa34010,0x00000000ff680000)
  to   space 80896K, 0% used [0x00000000f5480000,0x00000000f5480000,0x00000000fa380000)
 ParOldGen       total 580096K, used 500531K [0x00000000c0000000, 0x00000000e3680000, 0x00000000eab00000)
  object space 580096K, 86% used [0x00000000c0000000,0x00000000de8cccd0,0x00000000e3680000)
 Metaspace       used 147989K, capacity 157368K, committed 159576K, reserved 1187840K
  class space    used 18526K, capacity 20105K, committed 20608K, reserved 1048576K
}

